<?xml version="1.0" encoding="UTF-8"?>
<!-- Generated by org.testng.reporters.JUnitReportReporter -->
<testsuite skipped="0" hostname="DESKTOP-LA17J7K" name="Academy.ValidatingNavBar" tests="1" failures="0" timestamp="2020-02-12T11:36:26 EST" time="0.217" errors="0">
  <testcase name="basePageNavigation" time="0.217" classname="Academy.ValidatingNavBar"/>
</testsuite> <!-- Academy.ValidatingNavBar -->
