<?xml version="1.0" encoding="UTF-8"?>
<!-- Generated by org.testng.reporters.JUnitReportReporter -->
<testsuite skipped="0" hostname="DESKTOP-LA17J7K" name="testRunner.TestRunnerTest" tests="1" failures="0" timestamp="2020-02-20T05:46:34 EST" time="45.118" errors="0">
  <testcase name="feature" time="45.118" classname="testRunner.TestRunnerTest"/>
</testsuite> <!-- testRunner.TestRunnerTest -->
