<?xml version="1.0" encoding="UTF-8"?>
<!-- Generated by org.testng.reporters.JUnitReportReporter -->
<testsuite skipped="0" hostname="DESKTOP-LA17J7K" name="Academy.LoginPageLand" tests="1" failures="0" timestamp="2020-02-10T16:51:18 EST" time="7.921" errors="0">
  <testcase name="loginPage" time="7.921" classname="Academy.LoginPageLand"/>
</testsuite> <!-- Academy.LoginPageLand -->
