<?xml version="1.0" encoding="UTF-8"?>
<!-- Generated by org.testng.reporters.JUnitReportReporter -->
<testsuite skipped="0" hostname="DESKTOP-LA17J7K" name="Academy.ValidatingNavBarTest" tests="1" failures="0" timestamp="2020-02-13T10:24:26 EST" time="0.228" errors="0">
  <testcase name="basePageNavigation" time="0.228" classname="Academy.ValidatingNavBarTest"/>
</testsuite> <!-- Academy.ValidatingNavBarTest -->
