<?xml version="1.0" encoding="UTF-8"?>
<!-- Generated by org.testng.reporters.JUnitReportReporter -->
<testsuite skipped="0" hostname="DESKTOP-LA17J7K" name="Academy.ValidatingTitleTest" tests="1" failures="0" timestamp="2020-02-13T10:24:26 EST" time="0.081" errors="0">
  <testcase name="basePageNavigation" time="0.081" classname="Academy.ValidatingTitleTest"/>
</testsuite> <!-- Academy.ValidatingTitleTest -->
