<?xml version="1.0" encoding="UTF-8"?>
<!-- Generated by org.testng.reporters.JUnitReportReporter -->
<testsuite skipped="0" hostname="DESKTOP-LA17J7K" name="Academy.HomePage" tests="2" failures="0" timestamp="2020-02-12T19:23:26 EST" time="12.559" errors="0">
  <testcase name="basePageNavigation" time="4.121" classname="Academy.HomePage"/>
  <testcase name="basePageNavigation" time="8.438" classname="Academy.HomePage"/>
</testsuite> <!-- Academy.HomePage -->
