<?xml version="1.0" encoding="UTF-8"?>
<!-- Generated by org.testng.reporters.JUnitReportReporter -->
<testsuite skipped="0" hostname="DESKTOP-LA17J7K" name="Academy.HomePageTest" tests="2" failures="0" timestamp="2020-02-13T10:24:26 EST" time="21.579" errors="0">
  <testcase name="basePageNavigation" time="8.820" classname="Academy.HomePageTest"/>
  <testcase name="basePageNavigation" time="12.759" classname="Academy.HomePageTest"/>
</testsuite> <!-- Academy.HomePageTest -->
